Arguments: 
  D:\software\nodejs\node.exe D:\software\yarn\bin\yarn.js init

PATH: 
  D:\software\cmder\vendor\git-for-windows\mingw64\bin;D:\software\cmder\vendor\git-for-windows\usr\bin;C:\Users\二狗哥\bin;C:\Program Files (x86)\Common Files\Oracle\Java\javapath;C:\Windows\system32;C:\Windows;C:\Windows\System32\Wbem;C:\Windows\System32\WindowsPowerShell\v1.0;C:\Windows\System32\OpenSSH;C:\Program Files (x86)\NVIDIA Corporation\PhysX\Common;C:\Program Files\NVIDIA Corporation\NVIDIA NvDLISR;C:\Windows\system32;C:\Windows;C:\Windows\System32\Wbem;C:\Windows\System32\WindowsPowerShell\v1.0;C:\Windows\System32\OpenSSH;D:\software\Microsoft VS Code\bin;D:\software\git\Git\cmd;D:\software\nodejs;D:\software\yarn\bin;C:\Program Files\dotnet;C:\Users\二狗哥\AppData\Local\Microsoft\WindowsApps;C:\Users\二狗哥\AppData\Roaming\npm;C:\Users\二狗哥\AppData\Local\Yarn\bin;D:\software\WebStorm 2020.1\bin

Yarn version: 
  1.22.5

Node version: 
  16.14.0

Platform: 
  win32 x64

Trace: 
  Error: canceled
      at Interface.<anonymous> (D:\software\yarn\lib\cli.js:137009:13)
      at Interface.emit (node:events:520:28)
      at Interface._ttyWrite (node:readline:1081:16)
      at ReadStream.onkeypress (node:readline:288:10)
      at ReadStream.emit (node:events:520:28)
      at emitKeys (node:internal/readline/utils:358:14)
      at emitKeys.next (<anonymous>)
      at ReadStream.onData (node:internal/readline/emitKeypressEvents:61:36)
      at ReadStream.emit (node:events:520:28)
      at addChunk (node:internal/streams/readable:315:12)

npm manifest: 
  {
    "dependencies": {
      "css.js": "^0.2.3",
      "webpack": "^5.72.0"
    },
    "name": "my-package",
    "scripts": {
      "build": "cross-env NODE_ENV=production webpack --config webpack.config.js"
    }
  }

yarn manifest: 
  No manifest

Lockfile: 
  # THIS IS AN AUTOGENERATED FILE. DO NOT EDIT THIS FILE DIRECTLY.
  # yarn lockfile v1
